<?xml version="1.0" encoding="UTF-8"?>
<!-- Generated by org.testng.reporters.JUnitXMLReporter -->
<testsuite hostname="AsusX415" ignored="0" name="Surefire test" tests="16" failures="0" timestamp="2023-05-17T10:14:15 IST" time="37.668" errors="0">
  <testcase name="brave" time="4.597" classname="testNGPractice1.TestNG1"/>
  <testcase name="chrome" time="3.249" classname="testNGPractice1.TestNG1"/>
  <testcase name="edge" time="4.162" classname="testNGPractice1.TestNG1"/>
  <testcase name="firefox" time="5.373" classname="testNGPractice1.TestNG1"/>
  <testcase name="text" time="0.0" classname="testNGPractice1.TestNG1"/>
  <testcase name="test1" time="4.501" classname="testNGPractice1.TestNG2"/>
  <testcase name="brave" time="3.374" classname="testNGPractice1.TestNG4"/>
  <testcase name="chrome" time="3.098" classname="testNGPractice1.TestNG4"/>
  <testcase name="edge" time="3.928" classname="testNGPractice1.TestNG4"/>
  <testcase name="firefox" time="5.337" classname="testNGPractice1.TestNG4"/>
  <testcase name="text" time="0.0" classname="testNGPractice1.TestNG4"/>
  <testcase name="type" time="0.0" classname="testNGPractice1.TestNG5"/>
  <testcase name="type" time="0.0" classname="testNGPractice1.TestNG5"/>
  <testcase name="type" time="0.0" classname="testNGPractice1.TestNG5"/>
  <testcase name="type" time="0.0" classname="testNGPractice1.TestNG5"/>
  <testcase name="type" time="0.0" classname="testNGPractice1.TestNG5"/>
</testsuite> <!-- Surefire test -->
