<?xml version="1.0" encoding="UTF-8"?>
<!-- Generated by org.testng.reporters.JUnitXMLReporter -->
<testsuite hostname="AsusX415" ignored="0" name="Default test" tests="5" failures="0" timestamp="2023-05-16T17:37:56 IST" time="21.659" errors="0">
  <testcase name="brave" time="7.355" classname="testNGPractice1.TestNG1"/>
  <testcase name="chrome" time="2.746" classname="testNGPractice1.TestNG1"/>
  <testcase name="edge" time="6.127" classname="testNGPractice1.TestNG1"/>
  <testcase name="firefox" time="5.385" classname="testNGPractice1.TestNG1"/>
  <testcase name="text" time="0.0" classname="testNGPractice1.TestNG1"/>
</testsuite> <!-- Default test -->
