<?xml version="1.0" encoding="UTF-8"?>
<!-- Generated by org.testng.reporters.JUnitXMLReporter -->
<testsuite ignored="0" hostname="AsusX415" failures="0" tests="5" name="Test" time="24.761" errors="0" timestamp="2023-10-20T21:14:05 IST">
  <testcase classname="testNGPractice1.TestNG4" name="brave" time="9.699"/>
  <testcase classname="testNGPractice1.TestNG4" name="chrome" time="2.879"/>
  <testcase classname="testNGPractice1.TestNG4" name="edge" time="5.344"/>
  <testcase classname="testNGPractice1.TestNG4" name="firefox" time="6.786"/>
  <testcase classname="testNGPractice1.TestNG4" name="text" time="0.001"/>
</testsuite> <!-- Test -->
