<?xml version="1.0" encoding="UTF-8"?>
<!-- Generated by org.testng.reporters.JUnitXMLReporter -->
<testsuite hostname="AsusX415" ignored="0" name="Test" tests="5" failures="0" timestamp="2023-05-03T09:36:35 IST" time="17.467" errors="0">
  <testcase name="brave" time="5.809" classname="testNGPractice1.TestNG1"/>
  <testcase name="chrome" time="2.782" classname="testNGPractice1.TestNG1"/>
  <testcase name="edge" time="3.577" classname="testNGPractice1.TestNG1"/>
  <testcase name="firefox" time="5.217" classname="testNGPractice1.TestNG1"/>
  <testcase name="text" time="0.0" classname="testNGPractice1.TestNG1"/>
</testsuite> <!-- Test -->
