<?xml version="1.0" encoding="UTF-8"?>
<!-- Generated by org.testng.reporters.JUnitXMLReporter -->
<testsuite hostname="AsusX415" ignored="0" name="Command line test" tests="11" failures="0" timestamp="2023-02-15T16:55:23 IST" time="49.257" errors="0">
  <testcase name="brave" time="6.745" classname="testNGPractice1.TestNG1"/>
  <testcase name="chrome" time="3.893" classname="testNGPractice1.TestNG1"/>
  <testcase name="edge" time="8.577" classname="testNGPractice1.TestNG1"/>
  <testcase name="firefox" time="6.706" classname="testNGPractice1.TestNG1"/>
  <testcase name="text" time="0.0" classname="testNGPractice1.TestNG1"/>
  <testcase name="test1" time="5.492" classname="testNGPractice1.TestNG2"/>
  <testcase name="brave" time="4.119" classname="testNGPractice1.TestNG4"/>
  <testcase name="chrome" time="3.278" classname="testNGPractice1.TestNG4"/>
  <testcase name="edge" time="4.809" classname="testNGPractice1.TestNG4"/>
  <testcase name="firefox" time="5.573" classname="testNGPractice1.TestNG4"/>
  <testcase name="text" time="0.0" classname="testNGPractice1.TestNG4"/>
</testsuite> <!-- Command line test -->
