<?xml version="1.0" encoding="UTF-8"?>
<testng-results ignored="0" total="1" passed="1" failed="0" skipped="0">
  <reporter-output>
  </reporter-output>
  <suite started-at="2024-07-29T19:19:32 IST" name="Default suite" finished-at="2024-07-29T19:19:45 IST" duration-ms="12696">
    <groups>
    </groups>
    <test started-at="2024-07-29T19:19:32 IST" name="Default test" finished-at="2024-07-29T19:19:45 IST" duration-ms="12696">
      <class name="package1.DropDown2">
        <test-method signature="test1()[pri:0, instance:package1.DropDown2@73a1e9a9]" started-at="2024-07-29T19:19:32 IST" name="test1" finished-at="2024-07-29T19:19:45 IST" duration-ms="12617" status="PASS">
          <reporter-output>
          </reporter-output>
        </test-method> <!-- test1 -->
      </class> <!-- package1.DropDown2 -->
    </test> <!-- Default test -->
  </suite> <!-- Default suite -->
</testng-results>
