<?xml version="1.0" encoding="UTF-8"?>
<testng-results ignored="0" total="1" passed="1" failed="0" skipped="0">
  <reporter-output>
  </reporter-output>
  <suite started-at="2024-11-22T20:19:28 IST" name="Default suite" finished-at="2024-11-22T20:19:45 IST" duration-ms="16246">
    <groups>
    </groups>
    <test started-at="2024-11-22T20:19:28 IST" name="Default test" finished-at="2024-11-22T20:19:45 IST" duration-ms="16246">
      <class name="test123.Calculatedate2">
        <test-method signature="result()[pri:0, instance:test123.Calculatedate2@2d3379b4]" started-at="2024-11-22T20:19:28 IST" name="result" finished-at="2024-11-22T20:19:45 IST" duration-ms="16187" status="PASS">
          <reporter-output>
          </reporter-output>
        </test-method> <!-- result -->
      </class> <!-- test123.Calculatedate2 -->
    </test> <!-- Default test -->
  </suite> <!-- Default suite -->
</testng-results>
